🚀 AINO Server running at http://localhost:3001
📊 Health check: http://localhost:3001/health
🌍 Environment: development
获取应用列表失败: DrizzleQueryError: Failed query: select "id" from "applications" where "applications"."owner_id" = $1
params: f09ebe12-f517-42a2-b41a-7092438b79c3
    at NodePgPreparedQuery.queryWithCache (/Users/devin/Documents/AINO-main/AINO-server/node_modules/.pnpm/drizzle-orm@0.44.4_@types+pg@8.15.5_pg@8.16.3/node_modules/src/pg-core/session.ts:73:11)
    at process.processTicksAndRejections (node:internal/process/task_queues:105:5)
    at async <anonymous> (/Users/devin/Documents/AINO-main/AINO-server/node_modules/.pnpm/drizzle-orm@0.44.4_@types+pg@8.15.5_pg@8.16.3/node_modules/src/node-postgres/session.ts:154:19)
    ... 4 lines matching cause stack trace ...
    at async dispatch (/Users/devin/Documents/AINO-main/AINO-server/node_modules/.pnpm/hono@4.9.4/node_modules/hono/dist/cjs/compose.js:44:17)
    at async mockRequireAuthMiddleware (/Users/devin/Documents/AINO-main/AINO-server/src/middleware/auth.ts:41:3)
    at async dispatch (/Users/devin/Documents/AINO-main/AINO-server/node_modules/.pnpm/hono@4.9.4/node_modules/hono/dist/cjs/compose.js:44:17) {
  query: 'select "id" from "applications" where "applications"."owner_id" = $1',
  params: [ 'f09ebe12-f517-42a2-b41a-7092438b79c3' ],
  cause: AggregateError [ECONNREFUSED]: 
      at /Users/devin/Documents/AINO-main/AINO-server/node_modules/.pnpm/pg-pool@3.10.1_pg@8.16.3/node_modules/pg-pool/index.js:45:11
      at process.processTicksAndRejections (node:internal/process/task_queues:105:5)
      at async <anonymous> (/Users/devin/Documents/AINO-main/AINO-server/node_modules/.pnpm/drizzle-orm@0.44.4_@types+pg@8.15.5_pg@8.16.3/node_modules/src/node-postgres/session.ts:161:13)
      at async NodePgPreparedQuery.queryWithCache (/Users/devin/Documents/AINO-main/AINO-server/node_modules/.pnpm/drizzle-orm@0.44.4_@types+pg@8.15.5_pg@8.16.3/node_modules/src/pg-core/session.ts:71:12)
      at async <anonymous> (/Users/devin/Documents/AINO-main/AINO-server/node_modules/.pnpm/drizzle-orm@0.44.4_@types+pg@8.15.5_pg@8.16.3/node_modules/src/node-postgres/session.ts:154:19)
      at async ApplicationService.getApplications (/Users/devin/Documents/AINO-main/AINO-server/src/modules/applications/service.ts:148:25)
      at async <anonymous> (/Users/devin/Documents/AINO-main/AINO-server/src/modules/applications/routes.ts:24:22)
      at async dispatch (/Users/devin/Documents/AINO-main/AINO-server/node_modules/.pnpm/hono@4.9.4/node_modules/hono/dist/cjs/compose.js:44:17)
      at async /Users/devin/Documents/AINO-main/AINO-server/node_modules/.pnpm/hono@4.9.4/node_modules/hono/dist/cjs/validator/validator.js:103:5
      at async dispatch (/Users/devin/Documents/AINO-main/AINO-server/node_modules/.pnpm/hono@4.9.4/node_modules/hono/dist/cjs/compose.js:44:17) {
    code: 'ECONNREFUSED',
    [errors]: [ [Error], [Error] ]
  }
}
获取应用列表失败: DrizzleQueryError: Failed query: select "id" from "applications" where "applications"."owner_id" = $1
params: f09ebe12-f517-42a2-b41a-7092438b79c3
    at NodePgPreparedQuery.queryWithCache (/Users/devin/Documents/AINO-main/AINO-server/node_modules/.pnpm/drizzle-orm@0.44.4_@types+pg@8.15.5_pg@8.16.3/node_modules/src/pg-core/session.ts:73:11)
    at process.processTicksAndRejections (node:internal/process/task_queues:105:5)
    at async <anonymous> (/Users/devin/Documents/AINO-main/AINO-server/node_modules/.pnpm/drizzle-orm@0.44.4_@types+pg@8.15.5_pg@8.16.3/node_modules/src/node-postgres/session.ts:154:19)
    ... 4 lines matching cause stack trace ...
    at async dispatch (/Users/devin/Documents/AINO-main/AINO-server/node_modules/.pnpm/hono@4.9.4/node_modules/hono/dist/cjs/compose.js:44:17)
    at async mockRequireAuthMiddleware (/Users/devin/Documents/AINO-main/AINO-server/src/middleware/auth.ts:41:3)
    at async dispatch (/Users/devin/Documents/AINO-main/AINO-server/node_modules/.pnpm/hono@4.9.4/node_modules/hono/dist/cjs/compose.js:44:17) {
  query: 'select "id" from "applications" where "applications"."owner_id" = $1',
  params: [ 'f09ebe12-f517-42a2-b41a-7092438b79c3' ],
  cause: AggregateError [ECONNREFUSED]: 
      at /Users/devin/Documents/AINO-main/AINO-server/node_modules/.pnpm/pg-pool@3.10.1_pg@8.16.3/node_modules/pg-pool/index.js:45:11
      at process.processTicksAndRejections (node:internal/process/task_queues:105:5)
      at async <anonymous> (/Users/devin/Documents/AINO-main/AINO-server/node_modules/.pnpm/drizzle-orm@0.44.4_@types+pg@8.15.5_pg@8.16.3/node_modules/src/node-postgres/session.ts:161:13)
      at async NodePgPreparedQuery.queryWithCache (/Users/devin/Documents/AINO-main/AINO-server/node_modules/.pnpm/drizzle-orm@0.44.4_@types+pg@8.15.5_pg@8.16.3/node_modules/src/pg-core/session.ts:71:12)
      at async <anonymous> (/Users/devin/Documents/AINO-main/AINO-server/node_modules/.pnpm/drizzle-orm@0.44.4_@types+pg@8.15.5_pg@8.16.3/node_modules/src/node-postgres/session.ts:154:19)
      at async ApplicationService.getApplications (/Users/devin/Documents/AINO-main/AINO-server/src/modules/applications/service.ts:148:25)
      at async <anonymous> (/Users/devin/Documents/AINO-main/AINO-server/src/modules/applications/routes.ts:24:22)
      at async dispatch (/Users/devin/Documents/AINO-main/AINO-server/node_modules/.pnpm/hono@4.9.4/node_modules/hono/dist/cjs/compose.js:44:17)
      at async /Users/devin/Documents/AINO-main/AINO-server/node_modules/.pnpm/hono@4.9.4/node_modules/hono/dist/cjs/validator/validator.js:103:5
      at async dispatch (/Users/devin/Documents/AINO-main/AINO-server/node_modules/.pnpm/hono@4.9.4/node_modules/hono/dist/cjs/compose.js:44:17) {
    code: 'ECONNREFUSED',
    [errors]: [ [Error], [Error] ]
  }
}
获取应用列表失败: DrizzleQueryError: Failed query: select "id" from "applications" where "applications"."owner_id" = $1
params: f09ebe12-f517-42a2-b41a-7092438b79c3
    at NodePgPreparedQuery.queryWithCache (/Users/devin/Documents/AINO-main/AINO-server/node_modules/.pnpm/drizzle-orm@0.44.4_@types+pg@8.15.5_pg@8.16.3/node_modules/src/pg-core/session.ts:73:11)
    at process.processTicksAndRejections (node:internal/process/task_queues:105:5)
    at async <anonymous> (/Users/devin/Documents/AINO-main/AINO-server/node_modules/.pnpm/drizzle-orm@0.44.4_@types+pg@8.15.5_pg@8.16.3/node_modules/src/node-postgres/session.ts:154:19)
    ... 4 lines matching cause stack trace ...
    at async dispatch (/Users/devin/Documents/AINO-main/AINO-server/node_modules/.pnpm/hono@4.9.4/node_modules/hono/dist/cjs/compose.js:44:17)
    at async mockRequireAuthMiddleware (/Users/devin/Documents/AINO-main/AINO-server/src/middleware/auth.ts:41:3)
    at async dispatch (/Users/devin/Documents/AINO-main/AINO-server/node_modules/.pnpm/hono@4.9.4/node_modules/hono/dist/cjs/compose.js:44:17) {
  query: 'select "id" from "applications" where "applications"."owner_id" = $1',
  params: [ 'f09ebe12-f517-42a2-b41a-7092438b79c3' ],
  cause: AggregateError [ECONNREFUSED]: 
      at /Users/devin/Documents/AINO-main/AINO-server/node_modules/.pnpm/pg-pool@3.10.1_pg@8.16.3/node_modules/pg-pool/index.js:45:11
      at process.processTicksAndRejections (node:internal/process/task_queues:105:5)
      at async <anonymous> (/Users/devin/Documents/AINO-main/AINO-server/node_modules/.pnpm/drizzle-orm@0.44.4_@types+pg@8.15.5_pg@8.16.3/node_modules/src/node-postgres/session.ts:161:13)
      at async NodePgPreparedQuery.queryWithCache (/Users/devin/Documents/AINO-main/AINO-server/node_modules/.pnpm/drizzle-orm@0.44.4_@types+pg@8.15.5_pg@8.16.3/node_modules/src/pg-core/session.ts:71:12)
      at async <anonymous> (/Users/devin/Documents/AINO-main/AINO-server/node_modules/.pnpm/drizzle-orm@0.44.4_@types+pg@8.15.5_pg@8.16.3/node_modules/src/node-postgres/session.ts:154:19)
      at async ApplicationService.getApplications (/Users/devin/Documents/AINO-main/AINO-server/src/modules/applications/service.ts:148:25)
      at async <anonymous> (/Users/devin/Documents/AINO-main/AINO-server/src/modules/applications/routes.ts:24:22)
      at async dispatch (/Users/devin/Documents/AINO-main/AINO-server/node_modules/.pnpm/hono@4.9.4/node_modules/hono/dist/cjs/compose.js:44:17)
      at async /Users/devin/Documents/AINO-main/AINO-server/node_modules/.pnpm/hono@4.9.4/node_modules/hono/dist/cjs/validator/validator.js:103:5
      at async dispatch (/Users/devin/Documents/AINO-main/AINO-server/node_modules/.pnpm/hono@4.9.4/node_modules/hono/dist/cjs/compose.js:44:17) {
    code: 'ECONNREFUSED',
    [errors]: [ [Error], [Error] ]
  }
}
获取应用列表失败: DrizzleQueryError: Failed query: select "id" from "applications" where "applications"."owner_id" = $1
params: f09ebe12-f517-42a2-b41a-7092438b79c3
    at NodePgPreparedQuery.queryWithCache (/Users/devin/Documents/AINO-main/AINO-server/node_modules/.pnpm/drizzle-orm@0.44.4_@types+pg@8.15.5_pg@8.16.3/node_modules/src/pg-core/session.ts:73:11)
    at process.processTicksAndRejections (node:internal/process/task_queues:105:5)
    at async <anonymous> (/Users/devin/Documents/AINO-main/AINO-server/node_modules/.pnpm/drizzle-orm@0.44.4_@types+pg@8.15.5_pg@8.16.3/node_modules/src/node-postgres/session.ts:154:19)
    ... 4 lines matching cause stack trace ...
    at async dispatch (/Users/devin/Documents/AINO-main/AINO-server/node_modules/.pnpm/hono@4.9.4/node_modules/hono/dist/cjs/compose.js:44:17)
    at async mockRequireAuthMiddleware (/Users/devin/Documents/AINO-main/AINO-server/src/middleware/auth.ts:41:3)
    at async dispatch (/Users/devin/Documents/AINO-main/AINO-server/node_modules/.pnpm/hono@4.9.4/node_modules/hono/dist/cjs/compose.js:44:17) {
  query: 'select "id" from "applications" where "applications"."owner_id" = $1',
  params: [ 'f09ebe12-f517-42a2-b41a-7092438b79c3' ],
  cause: AggregateError [ECONNREFUSED]: 
      at /Users/devin/Documents/AINO-main/AINO-server/node_modules/.pnpm/pg-pool@3.10.1_pg@8.16.3/node_modules/pg-pool/index.js:45:11
      at process.processTicksAndRejections (node:internal/process/task_queues:105:5)
      at async <anonymous> (/Users/devin/Documents/AINO-main/AINO-server/node_modules/.pnpm/drizzle-orm@0.44.4_@types+pg@8.15.5_pg@8.16.3/node_modules/src/node-postgres/session.ts:161:13)
      at async NodePgPreparedQuery.queryWithCache (/Users/devin/Documents/AINO-main/AINO-server/node_modules/.pnpm/drizzle-orm@0.44.4_@types+pg@8.15.5_pg@8.16.3/node_modules/src/pg-core/session.ts:71:12)
      at async <anonymous> (/Users/devin/Documents/AINO-main/AINO-server/node_modules/.pnpm/drizzle-orm@0.44.4_@types+pg@8.15.5_pg@8.16.3/node_modules/src/node-postgres/session.ts:154:19)
      at async ApplicationService.getApplications (/Users/devin/Documents/AINO-main/AINO-server/src/modules/applications/service.ts:148:25)
      at async <anonymous> (/Users/devin/Documents/AINO-main/AINO-server/src/modules/applications/routes.ts:24:22)
      at async dispatch (/Users/devin/Documents/AINO-main/AINO-server/node_modules/.pnpm/hono@4.9.4/node_modules/hono/dist/cjs/compose.js:44:17)
      at async /Users/devin/Documents/AINO-main/AINO-server/node_modules/.pnpm/hono@4.9.4/node_modules/hono/dist/cjs/validator/validator.js:103:5
      at async dispatch (/Users/devin/Documents/AINO-main/AINO-server/node_modules/.pnpm/hono@4.9.4/node_modules/hono/dist/cjs/compose.js:44:17) {
    code: 'ECONNREFUSED',
    [errors]: [ [Error], [Error] ]
  }
}
获取应用列表失败: DrizzleQueryError: Failed query: select "id" from "applications" where "applications"."owner_id" = $1
params: f09ebe12-f517-42a2-b41a-7092438b79c3
    at NodePgPreparedQuery.queryWithCache (/Users/devin/Documents/AINO-main/AINO-server/node_modules/.pnpm/drizzle-orm@0.44.4_@types+pg@8.15.5_pg@8.16.3/node_modules/src/pg-core/session.ts:73:11)
    at process.processTicksAndRejections (node:internal/process/task_queues:105:5)
    at async <anonymous> (/Users/devin/Documents/AINO-main/AINO-server/node_modules/.pnpm/drizzle-orm@0.44.4_@types+pg@8.15.5_pg@8.16.3/node_modules/src/node-postgres/session.ts:154:19)
    ... 4 lines matching cause stack trace ...
    at async dispatch (/Users/devin/Documents/AINO-main/AINO-server/node_modules/.pnpm/hono@4.9.4/node_modules/hono/dist/cjs/compose.js:44:17)
    at async mockRequireAuthMiddleware (/Users/devin/Documents/AINO-main/AINO-server/src/middleware/auth.ts:41:3)
    at async dispatch (/Users/devin/Documents/AINO-main/AINO-server/node_modules/.pnpm/hono@4.9.4/node_modules/hono/dist/cjs/compose.js:44:17) {
  query: 'select "id" from "applications" where "applications"."owner_id" = $1',
  params: [ 'f09ebe12-f517-42a2-b41a-7092438b79c3' ],
  cause: AggregateError [ECONNREFUSED]: 
      at /Users/devin/Documents/AINO-main/AINO-server/node_modules/.pnpm/pg-pool@3.10.1_pg@8.16.3/node_modules/pg-pool/index.js:45:11
      at process.processTicksAndRejections (node:internal/process/task_queues:105:5)
      at async <anonymous> (/Users/devin/Documents/AINO-main/AINO-server/node_modules/.pnpm/drizzle-orm@0.44.4_@types+pg@8.15.5_pg@8.16.3/node_modules/src/node-postgres/session.ts:161:13)
      at async NodePgPreparedQuery.queryWithCache (/Users/devin/Documents/AINO-main/AINO-server/node_modules/.pnpm/drizzle-orm@0.44.4_@types+pg@8.15.5_pg@8.16.3/node_modules/src/pg-core/session.ts:71:12)
      at async <anonymous> (/Users/devin/Documents/AINO-main/AINO-server/node_modules/.pnpm/drizzle-orm@0.44.4_@types+pg@8.15.5_pg@8.16.3/node_modules/src/node-postgres/session.ts:154:19)
      at async ApplicationService.getApplications (/Users/devin/Documents/AINO-main/AINO-server/src/modules/applications/service.ts:148:25)
      at async <anonymous> (/Users/devin/Documents/AINO-main/AINO-server/src/modules/applications/routes.ts:24:22)
      at async dispatch (/Users/devin/Documents/AINO-main/AINO-server/node_modules/.pnpm/hono@4.9.4/node_modules/hono/dist/cjs/compose.js:44:17)
      at async /Users/devin/Documents/AINO-main/AINO-server/node_modules/.pnpm/hono@4.9.4/node_modules/hono/dist/cjs/validator/validator.js:103:5
      at async dispatch (/Users/devin/Documents/AINO-main/AINO-server/node_modules/.pnpm/hono@4.9.4/node_modules/hono/dist/cjs/compose.js:44:17) {
    code: 'ECONNREFUSED',
    [errors]: [ [Error], [Error] ]
  }
}
查询目录列表成功，共 2 个目录
查询目录列表成功，共 2 个目录
查询目录列表成功，共 2 个目录
查询目录列表成功，共 2 个目录
查询字段分类列表成功，共 6 个分类
查询字段分类列表成功，共 6 个分类
创建字段分类成功: 21c63d42-c631-4350-b5c1-0aa16214d56e
